[0312/154253.690:ERROR:process_info.cc(98)] ReadProcessMemory UNICODE_STRING: Somente uma parte de um pedido ReadProcessMemory ou WriteProcessMemory foi concluída. (0x12B)
[0312/154253.893:ERROR:process_info.cc(329)] VirtualQueryEx: Acesso negado. (0x5)
[0312/154253.924:ERROR:process_info.cc(556)] ReadMemoryInfo failed
[0312/154253.924:ERROR:process_info.cc(118)] ReadProcessMemory bool __cdecl crashpad::(anonymous namespace)::ReadStruct(HANDLE, crashpad::WinVMAddress, T *) [T = crashpad::process_types::LDR_DATA_TABLE_ENTRY<crashpad::process_types::internal::Traits64>]: Somente uma parte de um pedido ReadProcessMemory ou WriteProcessMemory foi concluída. (0x12B)
[0312/154253.924:ERROR:process_info.cc(329)] VirtualQueryEx: Acesso negado. (0x5)
[0312/154253.924:ERROR:process_info.cc(556)] ReadMemoryInfo failed
[0312/154253.893:ERROR:process_info.cc(329)] VirtualQueryEx: Acesso negado. (0x5)
[0312/154253.893:ERROR:process_info.cc(329)] VirtualQueryEx: Acesso negado. (0x5)
[0312/154253.924:ERROR:process_info.cc(556)] ReadMemoryInfo failed
[0312/154253.924:ERROR:process_info.cc(556)] ReadMemoryInfo failed
[0312/154253.690:ERROR:process_info.cc(98)] ReadProcessMemory UNICODE_STRING: Somente uma parte de um pedido ReadProcessMemory ou WriteProcessMemory foi concluída. (0x12B)
[0312/154253.924:ERROR:process_info.cc(118)] ReadProcessMemory bool __cdecl crashpad::(anonymous namespace)::ReadStruct(HANDLE, crashpad::WinVMAddress, T *) [T = crashpad::process_types::LDR_DATA_TABLE_ENTRY<crashpad::process_types::internal::Traits64>]: Somente uma parte de um pedido ReadProcessMemory ou WriteProcessMemory foi concluída. (0x12B)
[0312/154253.924:ERROR:process_info.cc(329)] VirtualQueryEx: Acesso negado. (0x5)
[0312/154253.924:ERROR:process_info.cc(556)] ReadMemoryInfo failed
[0312/154253.581:ERROR:scoped_process_suspend.cc(31)] NtSuspendProcess: Tentou-se acessar um processo de saída. (0xc000010a)
[0312/154253.956:ERROR:scoped_process_suspend.cc(40)] NtResumeProcess: Tentou-se acessar um processo de saída. (0xc000010a)
[0312/154253.956:ERROR:scoped_process_suspend.cc(40)] NtResumeProcess: Tentou-se acessar um processo de saída. (0xc000010a)
[0312/154253.956:ERROR:scoped_process_suspend.cc(40)] NtResumeProcess: Tentou-se acessar um processo de saída. (0xc000010a)
[0312/154253.956:ERROR:scoped_process_suspend.cc(40)] NtResumeProcess: Tentou-se acessar um processo de saída. (0xc000010a)
[0312/154253.956:ERROR:scoped_process_suspend.cc(40)] NtResumeProcess: Tentou-se acessar um processo de saída. (0xc000010a)
[0312/154254.252:ERROR:process_info.cc(329)] VirtualQueryEx: Acesso negado. (0x5)
[0312/154254.252:ERROR:process_info.cc(556)] ReadMemoryInfo failed
